<?xml version="1.0" encoding="UTF-8"?>
<robot generator="Robot 3.1.2 (Python 3.6.8 on win32)" generated="20190724 10:11:13.802" rpa="false">
<suite id="s1" name="Amazon" source="C:\Users\Admin\PycharmProjects\amazon-test\amazon.robot">
<test id="s1-t1" name="Test browser open close">
<kw name="Open Browser with Amazon Link" library="openingBrowser">
<arguments>
<arg>${BROWSER}</arg>
<arg>${LINK}</arg>
</arguments>
<kw name="Open Browser" library="SeleniumLibrary">
<doc>Opens a new browser instance to the given ``url``.</doc>
<arguments>
<arg>${link}</arg>
<arg>${browser}</arg>
</arguments>
<msg timestamp="20190724 10:11:14.208" level="INFO">Opening browser 'ff' to base url 'https://www.amazon.in/'.</msg>
<status status="PASS" starttime="20190724 10:11:14.208" endtime="20190724 10:11:57.925"></status>
</kw>
<kw name="Wait Until Page Contains" library="SeleniumLibrary">
<doc>Waits until ``text`` appears on current page.</doc>
<arguments>
<arg>Your Amazon.in</arg>
</arguments>
<status status="PASS" starttime="20190724 10:11:57.925" endtime="20190724 10:11:58.472"></status>
</kw>
<status status="PASS" starttime="20190724 10:11:14.208" endtime="20190724 10:11:58.472"></status>
</kw>
<kw name="Wait Until Page Contains" library="SeleniumLibrary">
<doc>Waits until ``text`` appears on current page.</doc>
<arguments>
<arg>Your Amazon.in</arg>
</arguments>
<status status="PASS" starttime="20190724 10:11:58.472" endtime="20190724 10:11:58.534"></status>
</kw>
<kw name="Sleep" library="BuiltIn">
<doc>Pauses the test executed for the given time.</doc>
<arguments>
<arg>3s</arg>
</arguments>
<msg timestamp="20190724 10:12:01.550" level="INFO">Slept 3 seconds</msg>
<status status="PASS" starttime="20190724 10:11:58.534" endtime="20190724 10:12:01.550"></status>
</kw>
<kw name="Close Browser with Amazon Link" library="closingBrowser">
<kw name="Close All Browsers" library="SeleniumLibrary">
<doc>Closes all open browsers and resets the browser cache.</doc>
<status status="PASS" starttime="20190724 10:12:01.550" endtime="20190724 10:12:03.518"></status>
</kw>
<status status="PASS" starttime="20190724 10:12:01.550" endtime="20190724 10:12:03.518"></status>
</kw>
<doc>"This is a test for opening and closing an amazon file"</doc>
<tags>
<tag>tag1</tag>
</tags>
<status status="PASS" starttime="20190724 10:11:14.208" endtime="20190724 10:12:03.518" critical="yes"></status>
</test>
<doc>"Test browsers"</doc>
<status status="PASS" starttime="20190724 10:11:13.802" endtime="20190724 10:12:03.518"></status>
</suite>
<statistics>
<total>
<stat pass="1" fail="0">Critical Tests</stat>
<stat pass="1" fail="0">All Tests</stat>
</total>
<tag>
<stat pass="1" fail="0">tag1</stat>
</tag>
<suite>
<stat pass="1" fail="0" id="s1" name="Amazon">Amazon</stat>
</suite>
</statistics>
<errors>
</errors>
</robot>
