<?xml version="1.0" encoding="UTF-8"?>
<robot generator="Robot 3.1.2 (Python 3.6.8 on win32)" generated="20190724 10:05:23.652" rpa="false">
<suite id="s1" name="Regularexpr" source="C:\Users\Admin\PycharmProjects\regularexpr\regularexpr.robot">
<test id="s1-t1" name="Validate Understadnging of First Test">
<kw name="Log" library="BuiltIn">
<doc>Logs the given message with the given level.</doc>
<arguments>
<arg>"Hello World!"</arg>
</arguments>
<msg timestamp="20190724 10:05:24.418" level="INFO">"Hello World!"</msg>
<status status="PASS" starttime="20190724 10:05:24.418" endtime="20190724 10:05:24.418"></status>
</kw>
<doc>This is my first test case</doc>
<tags>
<tag>tag1</tag>
</tags>
<status status="PASS" starttime="20190724 10:05:24.402" endtime="20190724 10:05:24.418" critical="yes"></status>
</test>
<test id="s1-t2" name="Validate Understadnging of Second Test">
<kw name="Log" library="BuiltIn">
<doc>Logs the given message with the given level.</doc>
<arguments>
<arg>"Executing second test case"</arg>
</arguments>
<msg timestamp="20190724 10:05:24.418" level="INFO">"Executing second test case"</msg>
<status status="PASS" starttime="20190724 10:05:24.418" endtime="20190724 10:05:24.418"></status>
</kw>
<doc>This is my first test case</doc>
<tags>
<tag>tag2</tag>
</tags>
<status status="PASS" starttime="20190724 10:05:24.418" endtime="20190724 10:05:24.418" critical="yes"></status>
</test>
<doc>This is about setting section on test suites</doc>
<status status="PASS" starttime="20190724 10:05:23.652" endtime="20190724 10:05:24.418"></status>
</suite>
<statistics>
<total>
<stat pass="2" fail="0">Critical Tests</stat>
<stat pass="2" fail="0">All Tests</stat>
</total>
<tag>
<stat pass="1" fail="0">tag1</stat>
<stat pass="1" fail="0">tag2</stat>
</tag>
<suite>
<stat pass="2" fail="0" id="s1" name="Regularexpr">Regularexpr</stat>
</suite>
</statistics>
<errors>
</errors>
</robot>
