<?xml version="1.0" encoding="UTF-8"?>
<robot generator="Robot 3.1.2 (Python 3.6.8 on win32)" generated="20190724 12:26:26.776" rpa="false">
<suite id="s1" name="Dict" source="C:\Users\Admin\PycharmProjects\Dict-Demo\dict.robot">
<test id="s1-t1" name="Check Dictionary demo">
<kw name="Log" library="BuiltIn">
<doc>Logs the given message with the given level.</doc>
<arguments>
<arg>${DICTVAR.item1}</arg>
</arguments>
<msg timestamp="20190724 12:26:26.807" level="INFO">value1</msg>
<status status="PASS" starttime="20190724 12:26:26.807" endtime="20190724 12:26:26.807"></status>
</kw>
<kw name="Log" library="BuiltIn">
<doc>Logs the given message with the given level.</doc>
<arguments>
<arg>${DICTVAR.item2}</arg>
</arguments>
<msg timestamp="20190724 12:26:26.807" level="INFO">value2</msg>
<status status="PASS" starttime="20190724 12:26:26.807" endtime="20190724 12:26:26.807"></status>
</kw>
<kw name="Log" library="BuiltIn">
<doc>Logs the given message with the given level.</doc>
<arguments>
<arg>${DICTVAR.item3}</arg>
</arguments>
<msg timestamp="20190724 12:26:26.807" level="INFO">value3</msg>
<status status="PASS" starttime="20190724 12:26:26.807" endtime="20190724 12:26:26.807"></status>
</kw>
<kw name="Get Dictionary Keys" library="Collections">
<doc>Returns keys of the given ``dictionary`` as a list.</doc>
<arguments>
<arg>${DICTVAR}</arg>
</arguments>
<assign>
<var>${dict-keys}</var>
</assign>
<msg timestamp="20190724 12:26:26.807" level="INFO">${dict-keys} = ['item1', 'item2', 'item3', 'item4', 'item5']</msg>
<status status="PASS" starttime="20190724 12:26:26.807" endtime="20190724 12:26:26.807"></status>
</kw>
<kw name="Log" library="BuiltIn">
<doc>Logs the given message with the given level.</doc>
<arguments>
<arg>${dict-keys}</arg>
</arguments>
<msg timestamp="20190724 12:26:26.807" level="INFO">['item1', 'item2', 'item3', 'item4', 'item5']</msg>
<status status="PASS" starttime="20190724 12:26:26.807" endtime="20190724 12:26:26.807"></status>
</kw>
<kw name="Get Dictionary Values" library="Collections">
<doc>Returns values of the given ``dictionary`` as a list.</doc>
<arguments>
<arg>${DICTVAR}</arg>
</arguments>
<assign>
<var>${dict-values}</var>
</assign>
<msg timestamp="20190724 12:26:26.807" level="INFO">${dict-values} = ['value1', 'value2', 'value3', 'value4', 'value5']</msg>
<status status="PASS" starttime="20190724 12:26:26.807" endtime="20190724 12:26:26.807"></status>
</kw>
<kw name="Log" library="BuiltIn">
<doc>Logs the given message with the given level.</doc>
<arguments>
<arg>${dict-values}</arg>
</arguments>
<msg timestamp="20190724 12:26:26.807" level="INFO">['value1', 'value2', 'value3', 'value4', 'value5']</msg>
<status status="PASS" starttime="20190724 12:26:26.807" endtime="20190724 12:26:26.822"></status>
</kw>
<doc>This is a demo of dictionary in robot framework</doc>
<status status="PASS" starttime="20190724 12:26:26.807" endtime="20190724 12:26:26.822" critical="yes"></status>
</test>
<status status="PASS" starttime="20190724 12:26:26.776" endtime="20190724 12:26:26.822"></status>
</suite>
<statistics>
<total>
<stat pass="1" fail="0">Critical Tests</stat>
<stat pass="1" fail="0">All Tests</stat>
</total>
<tag>
</tag>
<suite>
<stat pass="1" fail="0" id="s1" name="Dict">Dict</stat>
</suite>
</statistics>
<errors>
</errors>
</robot>
